2023-02-08 14:59:04 [scrapy] DEBUG: Crawled (200) <GET https://www.nfl.com/robots.txt> (referer: None)
2023-02-08 14:59:04 [scrapy] DEBUG: Crawled (200) <GET https://www.nfl.com/teams/> (referer: None)
2023-02-08 14:59:05 [scrapy] DEBUG: Redirecting (301) to <GET https://www.nfl.com/teams/washington-commanders/roster> from <GET https://www.nfl.com/teams/washington-commanders//roster>
2023-02-08 14:59:05 [scrapy] DEBUG: Redirecting (301) to <GET https://www.nfl.com/teams/philadelphia-eagles/roster> from <GET https://www.nfl.com/teams/philadelphia-eagles//roster>
2023-02-08 14:59:05 [scrapy] DEBUG: Redirecting (301) to <GET https://www.nfl.com/teams/new-york-giants/roster> from <GET https://www.nfl.com/teams/new-york-giants//roster>
2023-02-08 14:59:05 [scrapy] DEBUG: Redirecting (301) to <GET https://www.nfl.com/teams/new-orleans-saints/roster> from <GET https://www.nfl.com/teams/new-orleans-saints//roster>
2023-02-08 14:59:05 [scrapy] DEBUG: Redirecting (301) to <GET https://www.nfl.com/teams/seattle-seahawks/roster> from <GET https://www.nfl.com/teams/seattle-seahawks//roster>
2023-02-08 14:59:05 [scrapy] DEBUG: Redirecting (301) to <GET https://www.nfl.com/teams/tampa-bay-buccaneers/roster> from <GET https://www.nfl.com/teams/tampa-bay-buccaneers//roster>
2023-02-08 14:59:05 [scrapy] DEBUG: Redirecting (301) to <GET https://www.nfl.com/teams/minnesota-vikings/roster> from <GET https://www.nfl.com/teams/minnesota-vikings//roster>
2023-02-08 14:59:05 [scrapy] DEBUG: Redirecting (301) to <GET https://www.nfl.com/teams/san-francisco-49ers/roster> from <GET https://www.nfl.com/teams/san-francisco-49ers//roster>
2023-02-08 14:59:05 [scrapy] DEBUG: Redirecting (301) to <GET https://www.nfl.com/teams/los-angeles-rams/roster> from <GET https://www.nfl.com/teams/los-angeles-rams//roster>
2023-02-08 14:59:05 [scrapy] DEBUG: Redirecting (301) to <GET https://www.nfl.com/teams/green-bay-packers/roster> from <GET https://www.nfl.com/teams/green-bay-packers//roster>
2023-02-08 14:59:05 [scrapy] DEBUG: Redirecting (301) to <GET https://www.nfl.com/teams/dallas-cowboys/roster> from <GET https://www.nfl.com/teams/dallas-cowboys//roster>
2023-02-08 14:59:05 [scrapy] DEBUG: Redirecting (301) to <GET https://www.nfl.com/teams/detroit-lions/roster> from <GET https://www.nfl.com/teams/detroit-lions//roster>
2023-02-08 14:59:05 [scrapy] DEBUG: Redirecting (301) to <GET https://www.nfl.com/teams/arizona-cardinals/roster> from <GET https://www.nfl.com/teams/arizona-cardinals//roster>
2023-02-08 14:59:05 [scrapy] DEBUG: Redirecting (301) to <GET https://www.nfl.com/teams/tennessee-titans/roster> from <GET https://www.nfl.com/teams/tennessee-titans//roster>
2023-02-08 14:59:05 [scrapy] DEBUG: Redirecting (301) to <GET https://www.nfl.com/teams/pittsburgh-steelers/roster> from <GET https://www.nfl.com/teams/pittsburgh-steelers//roster>
2023-02-08 14:59:05 [scrapy] DEBUG: Redirecting (301) to <GET https://www.nfl.com/teams/new-york-jets/roster> from <GET https://www.nfl.com/teams/new-york-jets//roster>
2023-02-08 14:59:05 [scrapy] DEBUG: Redirecting (301) to <GET https://www.nfl.com/teams/miami-dolphins/roster> from <GET https://www.nfl.com/teams/miami-dolphins//roster>
2023-02-08 14:59:05 [scrapy] DEBUG: Redirecting (301) to <GET https://www.nfl.com/teams/new-england-patriots/roster> from <GET https://www.nfl.com/teams/new-england-patriots//roster>
2023-02-08 14:59:05 [scrapy] DEBUG: Redirecting (301) to <GET https://www.nfl.com/teams/los-angeles-chargers/roster> from <GET https://www.nfl.com/teams/los-angeles-chargers//roster>
2023-02-08 14:59:05 [scrapy] DEBUG: Redirecting (301) to <GET https://www.nfl.com/teams/chicago-bears/roster> from <GET https://www.nfl.com/teams/chicago-bears//roster>
2023-02-08 14:59:05 [scrapy] DEBUG: Redirecting (301) to <GET https://www.nfl.com/teams/carolina-panthers/roster> from <GET https://www.nfl.com/teams/carolina-panthers//roster>
2023-02-08 14:59:05 [scrapy] DEBUG: Redirecting (301) to <GET https://www.nfl.com/teams/atlanta-falcons/roster> from <GET https://www.nfl.com/teams/atlanta-falcons//roster>
2023-02-08 14:59:05 [scrapy] DEBUG: Redirecting (301) to <GET https://www.nfl.com/teams/las-vegas-raiders/roster> from <GET https://www.nfl.com/teams/las-vegas-raiders//roster>
2023-02-08 14:59:05 [scrapy] DEBUG: Redirecting (301) to <GET https://www.nfl.com/teams/kansas-city-chiefs/roster> from <GET https://www.nfl.com/teams/kansas-city-chiefs//roster>
2023-02-08 14:59:06 [scrapy] DEBUG: Crawled (200) <GET https://www.nfl.com/teams/new-york-giants/roster> (referer: https://www.nfl.com/teams/)
2023-02-08 14:59:07 [scrapy] ERROR: Spider error processing <GET https://www.nfl.com/teams/new-york-giants/roster> (referer: https://www.nfl.com/teams/)
Traceback (most recent call last):
  File "C:\Users\Usuario\Desktop\capacitacion\NFL-project\NFL-scrapy\venv\lib\site-packages\scrapy\utils\defer.py", line 257, in iter_errback
    yield next(it)
  File "C:\Users\Usuario\Desktop\capacitacion\NFL-project\NFL-scrapy\venv\lib\site-packages\scrapy\utils\python.py", line 312, in __next__
    return next(self.data)
  File "C:\Users\Usuario\Desktop\capacitacion\NFL-project\NFL-scrapy\venv\lib\site-packages\scrapy\utils\python.py", line 312, in __next__
    return next(self.data)
  File "C:\Users\Usuario\Desktop\capacitacion\NFL-project\NFL-scrapy\venv\lib\site-packages\scrapy\core\spidermw.py", line 104, in process_sync
    for r in iterable:
  File "C:\Users\Usuario\Desktop\capacitacion\NFL-project\NFL-scrapy\venv\lib\site-packages\scrapy\spidermiddlewares\offsite.py", line 28, in <genexpr>
    return (r for r in result or () if self._filter(r, spider))
  File "C:\Users\Usuario\Desktop\capacitacion\NFL-project\NFL-scrapy\venv\lib\site-packages\scrapy\core\spidermw.py", line 104, in process_sync
    for r in iterable:
  File "C:\Users\Usuario\Desktop\capacitacion\NFL-project\NFL-scrapy\venv\lib\site-packages\scrapy\spidermiddlewares\referer.py", line 353, in <genexpr>
    return (self._set_referer(r, response) for r in result or ())
  File "C:\Users\Usuario\Desktop\capacitacion\NFL-project\NFL-scrapy\venv\lib\site-packages\scrapy\core\spidermw.py", line 104, in process_sync
    for r in iterable:
  File "C:\Users\Usuario\Desktop\capacitacion\NFL-project\NFL-scrapy\venv\lib\site-packages\scrapy\spidermiddlewares\urllength.py", line 27, in <genexpr>
    return (r for r in result or () if self._filter(r, spider))
  File "C:\Users\Usuario\Desktop\capacitacion\NFL-project\NFL-scrapy\venv\lib\site-packages\scrapy\core\spidermw.py", line 104, in process_sync
    for r in iterable:
  File "C:\Users\Usuario\Desktop\capacitacion\NFL-project\NFL-scrapy\venv\lib\site-packages\scrapy\spidermiddlewares\depth.py", line 31, in <genexpr>
    return (r for r in result or () if self._filter(r, response, spider))
  File "C:\Users\Usuario\Desktop\capacitacion\NFL-project\NFL-scrapy\venv\lib\site-packages\scrapy\core\spidermw.py", line 104, in process_sync
    for r in iterable:
  File "C:\Users\Usuario\Desktop\capacitacion\NFL-project\NFL-scrapy\NFLScrapy\NFLScrapy\spiders\Roster_scrapy.py", line 32, in parses_roster
IndexError: list index out of range
2023-02-08 14:59:07 [scrapy] DEBUG: Crawled (200) <GET https://www.nfl.com/teams/new-orleans-saints/roster> (referer: https://www.nfl.com/teams/)
2023-02-08 14:59:07 [scrapy] DEBUG: Crawled (200) <GET https://www.nfl.com/teams/minnesota-vikings/roster> (referer: https://www.nfl.com/teams/)
2023-02-08 14:59:07 [scrapy] DEBUG: Filtered duplicate request: <GET https://www.nfl.com/players/wyatt-davis/> - no more duplicates will be shown (see DUPEFILTER_DEBUG to show all duplicates)
2023-02-08 14:59:07 [scrapy] ERROR: Spider error processing <GET https://www.nfl.com/teams/new-orleans-saints/roster> (referer: https://www.nfl.com/teams/)
Traceback (most recent call last):
  File "C:\Users\Usuario\Desktop\capacitacion\NFL-project\NFL-scrapy\venv\lib\site-packages\scrapy\utils\defer.py", line 257, in iter_errback
    yield next(it)
  File "C:\Users\Usuario\Desktop\capacitacion\NFL-project\NFL-scrapy\venv\lib\site-packages\scrapy\utils\python.py", line 312, in __next__
    return next(self.data)
  File "C:\Users\Usuario\Desktop\capacitacion\NFL-project\NFL-scrapy\venv\lib\site-packages\scrapy\utils\python.py", line 312, in __next__
    return next(self.data)
  File "C:\Users\Usuario\Desktop\capacitacion\NFL-project\NFL-scrapy\venv\lib\site-packages\scrapy\core\spidermw.py", line 104, in process_sync
    for r in iterable:
  File "C:\Users\Usuario\Desktop\capacitacion\NFL-project\NFL-scrapy\venv\lib\site-packages\scrapy\spidermiddlewares\offsite.py", line 28, in <genexpr>
    return (r for r in result or () if self._filter(r, spider))
  File "C:\Users\Usuario\Desktop\capacitacion\NFL-project\NFL-scrapy\venv\lib\site-packages\scrapy\core\spidermw.py", line 104, in process_sync
    for r in iterable:
  File "C:\Users\Usuario\Desktop\capacitacion\NFL-project\NFL-scrapy\venv\lib\site-packages\scrapy\spidermiddlewares\referer.py", line 353, in <genexpr>
    return (self._set_referer(r, response) for r in result or ())
  File "C:\Users\Usuario\Desktop\capacitacion\NFL-project\NFL-scrapy\venv\lib\site-packages\scrapy\core\spidermw.py", line 104, in process_sync
    for r in iterable:
  File "C:\Users\Usuario\Desktop\capacitacion\NFL-project\NFL-scrapy\venv\lib\site-packages\scrapy\spidermiddlewares\urllength.py", line 27, in <genexpr>
    return (r for r in result or () if self._filter(r, spider))
  File "C:\Users\Usuario\Desktop\capacitacion\NFL-project\NFL-scrapy\venv\lib\site-packages\scrapy\core\spidermw.py", line 104, in process_sync
    for r in iterable:
  File "C:\Users\Usuario\Desktop\capacitacion\NFL-project\NFL-scrapy\venv\lib\site-packages\scrapy\spidermiddlewares\depth.py", line 31, in <genexpr>
    return (r for r in result or () if self._filter(r, response, spider))
  File "C:\Users\Usuario\Desktop\capacitacion\NFL-project\NFL-scrapy\venv\lib\site-packages\scrapy\core\spidermw.py", line 104, in process_sync
    for r in iterable:
  File "C:\Users\Usuario\Desktop\capacitacion\NFL-project\NFL-scrapy\NFLScrapy\NFLScrapy\spiders\Roster_scrapy.py", line 32, in parses_roster
IndexError: list index out of range
2023-02-08 14:59:07 [scrapy] ERROR: Spider error processing <GET https://www.nfl.com/teams/minnesota-vikings/roster> (referer: https://www.nfl.com/teams/)
Traceback (most recent call last):
  File "C:\Users\Usuario\Desktop\capacitacion\NFL-project\NFL-scrapy\venv\lib\site-packages\scrapy\utils\defer.py", line 257, in iter_errback
    yield next(it)
  File "C:\Users\Usuario\Desktop\capacitacion\NFL-project\NFL-scrapy\venv\lib\site-packages\scrapy\utils\python.py", line 312, in __next__
    return next(self.data)
  File "C:\Users\Usuario\Desktop\capacitacion\NFL-project\NFL-scrapy\venv\lib\site-packages\scrapy\utils\python.py", line 312, in __next__
    return next(self.data)
  File "C:\Users\Usuario\Desktop\capacitacion\NFL-project\NFL-scrapy\venv\lib\site-packages\scrapy\core\spidermw.py", line 104, in process_sync
    for r in iterable:
  File "C:\Users\Usuario\Desktop\capacitacion\NFL-project\NFL-scrapy\venv\lib\site-packages\scrapy\spidermiddlewares\offsite.py", line 28, in <genexpr>
    return (r for r in result or () if self._filter(r, spider))
  File "C:\Users\Usuario\Desktop\capacitacion\NFL-project\NFL-scrapy\venv\lib\site-packages\scrapy\core\spidermw.py", line 104, in process_sync
    for r in iterable:
  File "C:\Users\Usuario\Desktop\capacitacion\NFL-project\NFL-scrapy\venv\lib\site-packages\scrapy\spidermiddlewares\referer.py", line 353, in <genexpr>
    return (self._set_referer(r, response) for r in result or ())
  File "C:\Users\Usuario\Desktop\capacitacion\NFL-project\NFL-scrapy\venv\lib\site-packages\scrapy\core\spidermw.py", line 104, in process_sync
    for r in iterable:
  File "C:\Users\Usuario\Desktop\capacitacion\NFL-project\NFL-scrapy\venv\lib\site-packages\scrapy\spidermiddlewares\urllength.py", line 27, in <genexpr>
    return (r for r in result or () if self._filter(r, spider))
  File "C:\Users\Usuario\Desktop\capacitacion\NFL-project\NFL-scrapy\venv\lib\site-packages\scrapy\core\spidermw.py", line 104, in process_sync
    for r in iterable:
  File "C:\Users\Usuario\Desktop\capacitacion\NFL-project\NFL-scrapy\venv\lib\site-packages\scrapy\spidermiddlewares\depth.py", line 31, in <genexpr>
    return (r for r in result or () if self._filter(r, response, spider))
  File "C:\Users\Usuario\Desktop\capacitacion\NFL-project\NFL-scrapy\venv\lib\site-packages\scrapy\core\spidermw.py", line 104, in process_sync
    for r in iterable:
  File "C:\Users\Usuario\Desktop\capacitacion\NFL-project\NFL-scrapy\NFLScrapy\NFLScrapy\spiders\Roster_scrapy.py", line 32, in parses_roster
IndexError: list index out of range
2023-02-08 14:59:07 [scrapy] DEBUG: Crawled (200) <GET https://www.nfl.com/teams/philadelphia-eagles/roster> (referer: https://www.nfl.com/teams/)
2023-02-08 14:59:07 [scrapy] DEBUG: Crawled (200) <GET https://www.nfl.com/teams/tampa-bay-buccaneers/roster> (referer: https://www.nfl.com/teams/)
2023-02-08 14:59:07 [scrapy] DEBUG: Crawled (200) <GET https://www.nfl.com/teams/washington-commanders/roster> (referer: https://www.nfl.com/teams/)
2023-02-08 14:59:07 [scrapy] ERROR: Spider error processing <GET https://www.nfl.com/teams/philadelphia-eagles/roster> (referer: https://www.nfl.com/teams/)
Traceback (most recent call last):
  File "C:\Users\Usuario\Desktop\capacitacion\NFL-project\NFL-scrapy\venv\lib\site-packages\scrapy\utils\defer.py", line 257, in iter_errback
    yield next(it)
  File "C:\Users\Usuario\Desktop\capacitacion\NFL-project\NFL-scrapy\venv\lib\site-packages\scrapy\utils\python.py", line 312, in __next__
    return next(self.data)
  File "C:\Users\Usuario\Desktop\capacitacion\NFL-project\NFL-scrapy\venv\lib\site-packages\scrapy\utils\python.py", line 312, in __next__
    return next(self.data)
  File "C:\Users\Usuario\Desktop\capacitacion\NFL-project\NFL-scrapy\venv\lib\site-packages\scrapy\core\spidermw.py", line 104, in process_sync
    for r in iterable:
  File "C:\Users\Usuario\Desktop\capacitacion\NFL-project\NFL-scrapy\venv\lib\site-packages\scrapy\spidermiddlewares\offsite.py", line 28, in <genexpr>
    return (r for r in result or () if self._filter(r, spider))
  File "C:\Users\Usuario\Desktop\capacitacion\NFL-project\NFL-scrapy\venv\lib\site-packages\scrapy\core\spidermw.py", line 104, in process_sync
    for r in iterable:
  File "C:\Users\Usuario\Desktop\capacitacion\NFL-project\NFL-scrapy\venv\lib\site-packages\scrapy\spidermiddlewares\referer.py", line 353, in <genexpr>
    return (self._set_referer(r, response) for r in result or ())
  File "C:\Users\Usuario\Desktop\capacitacion\NFL-project\NFL-scrapy\venv\lib\site-packages\scrapy\core\spidermw.py", line 104, in process_sync
    for r in iterable:
  File "C:\Users\Usuario\Desktop\capacitacion\NFL-project\NFL-scrapy\venv\lib\site-packages\scrapy\spidermiddlewares\urllength.py", line 27, in <genexpr>
    return (r for r in result or () if self._filter(r, spider))
  File "C:\Users\Usuario\Desktop\capacitacion\NFL-project\NFL-scrapy\venv\lib\site-packages\scrapy\core\spidermw.py", line 104, in process_sync
    for r in iterable:
  File "C:\Users\Usuario\Desktop\capacitacion\NFL-project\NFL-scrapy\venv\lib\site-packages\scrapy\spidermiddlewares\depth.py", line 31, in <genexpr>
    return (r for r in result or () if self._filter(r, response, spider))
  File "C:\Users\Usuario\Desktop\capacitacion\NFL-project\NFL-scrapy\venv\lib\site-packages\scrapy\core\spidermw.py", line 104, in process_sync
    for r in iterable:
  File "C:\Users\Usuario\Desktop\capacitacion\NFL-project\NFL-scrapy\NFLScrapy\NFLScrapy\spiders\Roster_scrapy.py", line 32, in parses_roster
IndexError: list index out of range
2023-02-08 14:59:07 [scrapy] ERROR: Spider error processing <GET https://www.nfl.com/teams/tampa-bay-buccaneers/roster> (referer: https://www.nfl.com/teams/)
Traceback (most recent call last):
  File "C:\Users\Usuario\Desktop\capacitacion\NFL-project\NFL-scrapy\venv\lib\site-packages\scrapy\utils\defer.py", line 257, in iter_errback
    yield next(it)
  File "C:\Users\Usuario\Desktop\capacitacion\NFL-project\NFL-scrapy\venv\lib\site-packages\scrapy\utils\python.py", line 312, in __next__
    return next(self.data)
  File "C:\Users\Usuario\Desktop\capacitacion\NFL-project\NFL-scrapy\venv\lib\site-packages\scrapy\utils\python.py", line 312, in __next__
    return next(self.data)
  File "C:\Users\Usuario\Desktop\capacitacion\NFL-project\NFL-scrapy\venv\lib\site-packages\scrapy\core\spidermw.py", line 104, in process_sync
    for r in iterable:
  File "C:\Users\Usuario\Desktop\capacitacion\NFL-project\NFL-scrapy\venv\lib\site-packages\scrapy\spidermiddlewares\offsite.py", line 28, in <genexpr>
    return (r for r in result or () if self._filter(r, spider))
  File "C:\Users\Usuario\Desktop\capacitacion\NFL-project\NFL-scrapy\venv\lib\site-packages\scrapy\core\spidermw.py", line 104, in process_sync
    for r in iterable:
  File "C:\Users\Usuario\Desktop\capacitacion\NFL-project\NFL-scrapy\venv\lib\site-packages\scrapy\spidermiddlewares\referer.py", line 353, in <genexpr>
    return (self._set_referer(r, response) for r in result or ())
  File "C:\Users\Usuario\Desktop\capacitacion\NFL-project\NFL-scrapy\venv\lib\site-packages\scrapy\core\spidermw.py", line 104, in process_sync
    for r in iterable:
  File "C:\Users\Usuario\Desktop\capacitacion\NFL-project\NFL-scrapy\venv\lib\site-packages\scrapy\spidermiddlewares\urllength.py", line 27, in <genexpr>
    return (r for r in result or () if self._filter(r, spider))
  File "C:\Users\Usuario\Desktop\capacitacion\NFL-project\NFL-scrapy\venv\lib\site-packages\scrapy\core\spidermw.py", line 104, in process_sync
    for r in iterable:
  File "C:\Users\Usuario\Desktop\capacitacion\NFL-project\NFL-scrapy\venv\lib\site-packages\scrapy\spidermiddlewares\depth.py", line 31, in <genexpr>
    return (r for r in result or () if self._filter(r, response, spider))
  File "C:\Users\Usuario\Desktop\capacitacion\NFL-project\NFL-scrapy\venv\lib\site-packages\scrapy\core\spidermw.py", line 104, in process_sync
    for r in iterable:
  File "C:\Users\Usuario\Desktop\capacitacion\NFL-project\NFL-scrapy\NFLScrapy\NFLScrapy\spiders\Roster_scrapy.py", line 32, in parses_roster
IndexError: list index out of range
2023-02-08 14:59:07 [scrapy] ERROR: Spider error processing <GET https://www.nfl.com/teams/washington-commanders/roster> (referer: https://www.nfl.com/teams/)
Traceback (most recent call last):
  File "C:\Users\Usuario\Desktop\capacitacion\NFL-project\NFL-scrapy\venv\lib\site-packages\scrapy\utils\defer.py", line 257, in iter_errback
    yield next(it)
  File "C:\Users\Usuario\Desktop\capacitacion\NFL-project\NFL-scrapy\venv\lib\site-packages\scrapy\utils\python.py", line 312, in __next__
    return next(self.data)
  File "C:\Users\Usuario\Desktop\capacitacion\NFL-project\NFL-scrapy\venv\lib\site-packages\scrapy\utils\python.py", line 312, in __next__
    return next(self.data)
  File "C:\Users\Usuario\Desktop\capacitacion\NFL-project\NFL-scrapy\venv\lib\site-packages\scrapy\core\spidermw.py", line 104, in process_sync
    for r in iterable:
  File "C:\Users\Usuario\Desktop\capacitacion\NFL-project\NFL-scrapy\venv\lib\site-packages\scrapy\spidermiddlewares\offsite.py", line 28, in <genexpr>
    return (r for r in result or () if self._filter(r, spider))
  File "C:\Users\Usuario\Desktop\capacitacion\NFL-project\NFL-scrapy\venv\lib\site-packages\scrapy\core\spidermw.py", line 104, in process_sync
    for r in iterable:
  File "C:\Users\Usuario\Desktop\capacitacion\NFL-project\NFL-scrapy\venv\lib\site-packages\scrapy\spidermiddlewares\referer.py", line 353, in <genexpr>
    return (self._set_referer(r, response) for r in result or ())
  File "C:\Users\Usuario\Desktop\capacitacion\NFL-project\NFL-scrapy\venv\lib\site-packages\scrapy\core\spidermw.py", line 104, in process_sync
    for r in iterable:
  File "C:\Users\Usuario\Desktop\capacitacion\NFL-project\NFL-scrapy\venv\lib\site-packages\scrapy\spidermiddlewares\urllength.py", line 27, in <genexpr>
    return (r for r in result or () if self._filter(r, spider))
  File "C:\Users\Usuario\Desktop\capacitacion\NFL-project\NFL-scrapy\venv\lib\site-packages\scrapy\core\spidermw.py", line 104, in process_sync
    for r in iterable:
  File "C:\Users\Usuario\Desktop\capacitacion\NFL-project\NFL-scrapy\venv\lib\site-packages\scrapy\spidermiddlewares\depth.py", line 31, in <genexpr>
    return (r for r in result or () if self._filter(r, response, spider))
  File "C:\Users\Usuario\Desktop\capacitacion\NFL-project\NFL-scrapy\venv\lib\site-packages\scrapy\core\spidermw.py", line 104, in process_sync
    for r in iterable:
  File "C:\Users\Usuario\Desktop\capacitacion\NFL-project\NFL-scrapy\NFLScrapy\NFLScrapy\spiders\Roster_scrapy.py", line 32, in parses_roster
IndexError: list index out of range
2023-02-08 14:59:07 [scrapy] DEBUG: Crawled (200) <GET https://www.nfl.com/teams/arizona-cardinals/roster> (referer: https://www.nfl.com/teams/)
2023-02-08 14:59:07 [scrapy] DEBUG: Crawled (200) <GET https://www.nfl.com/teams/seattle-seahawks/roster> (referer: https://www.nfl.com/teams/)
2023-02-08 14:59:07 [scrapy] DEBUG: Crawled (200) <GET https://www.nfl.com/teams/tennessee-titans/roster> (referer: https://www.nfl.com/teams/)
2023-02-08 14:59:08 [scrapy] DEBUG: Crawled (200) <GET https://www.nfl.com/teams/san-francisco-49ers/roster> (referer: https://www.nfl.com/teams/)
2023-02-08 14:59:08 [scrapy] ERROR: Spider error processing <GET https://www.nfl.com/teams/arizona-cardinals/roster> (referer: https://www.nfl.com/teams/)
Traceback (most recent call last):
  File "C:\Users\Usuario\Desktop\capacitacion\NFL-project\NFL-scrapy\venv\lib\site-packages\scrapy\utils\defer.py", line 257, in iter_errback
    yield next(it)
  File "C:\Users\Usuario\Desktop\capacitacion\NFL-project\NFL-scrapy\venv\lib\site-packages\scrapy\utils\python.py", line 312, in __next__
    return next(self.data)
  File "C:\Users\Usuario\Desktop\capacitacion\NFL-project\NFL-scrapy\venv\lib\site-packages\scrapy\utils\python.py", line 312, in __next__
    return next(self.data)
  File "C:\Users\Usuario\Desktop\capacitacion\NFL-project\NFL-scrapy\venv\lib\site-packages\scrapy\core\spidermw.py", line 104, in process_sync
    for r in iterable:
  File "C:\Users\Usuario\Desktop\capacitacion\NFL-project\NFL-scrapy\venv\lib\site-packages\scrapy\spidermiddlewares\offsite.py", line 28, in <genexpr>
    return (r for r in result or () if self._filter(r, spider))
  File "C:\Users\Usuario\Desktop\capacitacion\NFL-project\NFL-scrapy\venv\lib\site-packages\scrapy\core\spidermw.py", line 104, in process_sync
    for r in iterable:
  File "C:\Users\Usuario\Desktop\capacitacion\NFL-project\NFL-scrapy\venv\lib\site-packages\scrapy\spidermiddlewares\referer.py", line 353, in <genexpr>
    return (self._set_referer(r, response) for r in result or ())
  File "C:\Users\Usuario\Desktop\capacitacion\NFL-project\NFL-scrapy\venv\lib\site-packages\scrapy\core\spidermw.py", line 104, in process_sync
    for r in iterable:
  File "C:\Users\Usuario\Desktop\capacitacion\NFL-project\NFL-scrapy\venv\lib\site-packages\scrapy\spidermiddlewares\urllength.py", line 27, in <genexpr>
    return (r for r in result or () if self._filter(r, spider))
  File "C:\Users\Usuario\Desktop\capacitacion\NFL-project\NFL-scrapy\venv\lib\site-packages\scrapy\core\spidermw.py", line 104, in process_sync
    for r in iterable:
  File "C:\Users\Usuario\Desktop\capacitacion\NFL-project\NFL-scrapy\venv\lib\site-packages\scrapy\spidermiddlewares\depth.py", line 31, in <genexpr>
    return (r for r in result or () if self._filter(r, response, spider))
  File "C:\Users\Usuario\Desktop\capacitacion\NFL-project\NFL-scrapy\venv\lib\site-packages\scrapy\core\spidermw.py", line 104, in process_sync
    for r in iterable:
  File "C:\Users\Usuario\Desktop\capacitacion\NFL-project\NFL-scrapy\NFLScrapy\NFLScrapy\spiders\Roster_scrapy.py", line 32, in parses_roster
IndexError: list index out of range
2023-02-08 14:59:08 [scrapy] ERROR: Spider error processing <GET https://www.nfl.com/teams/seattle-seahawks/roster> (referer: https://www.nfl.com/teams/)
Traceback (most recent call last):
  File "C:\Users\Usuario\Desktop\capacitacion\NFL-project\NFL-scrapy\venv\lib\site-packages\scrapy\utils\defer.py", line 257, in iter_errback
    yield next(it)
  File "C:\Users\Usuario\Desktop\capacitacion\NFL-project\NFL-scrapy\venv\lib\site-packages\scrapy\utils\python.py", line 312, in __next__
    return next(self.data)
  File "C:\Users\Usuario\Desktop\capacitacion\NFL-project\NFL-scrapy\venv\lib\site-packages\scrapy\utils\python.py", line 312, in __next__
    return next(self.data)
  File "C:\Users\Usuario\Desktop\capacitacion\NFL-project\NFL-scrapy\venv\lib\site-packages\scrapy\core\spidermw.py", line 104, in process_sync
    for r in iterable:
  File "C:\Users\Usuario\Desktop\capacitacion\NFL-project\NFL-scrapy\venv\lib\site-packages\scrapy\spidermiddlewares\offsite.py", line 28, in <genexpr>
    return (r for r in result or () if self._filter(r, spider))
  File "C:\Users\Usuario\Desktop\capacitacion\NFL-project\NFL-scrapy\venv\lib\site-packages\scrapy\core\spidermw.py", line 104, in process_sync
    for r in iterable:
  File "C:\Users\Usuario\Desktop\capacitacion\NFL-project\NFL-scrapy\venv\lib\site-packages\scrapy\spidermiddlewares\referer.py", line 353, in <genexpr>
    return (self._set_referer(r, response) for r in result or ())
  File "C:\Users\Usuario\Desktop\capacitacion\NFL-project\NFL-scrapy\venv\lib\site-packages\scrapy\core\spidermw.py", line 104, in process_sync
    for r in iterable:
  File "C:\Users\Usuario\Desktop\capacitacion\NFL-project\NFL-scrapy\venv\lib\site-packages\scrapy\spidermiddlewares\urllength.py", line 27, in <genexpr>
    return (r for r in result or () if self._filter(r, spider))
  File "C:\Users\Usuario\Desktop\capacitacion\NFL-project\NFL-scrapy\venv\lib\site-packages\scrapy\core\spidermw.py", line 104, in process_sync
    for r in iterable:
  File "C:\Users\Usuario\Desktop\capacitacion\NFL-project\NFL-scrapy\venv\lib\site-packages\scrapy\spidermiddlewares\depth.py", line 31, in <genexpr>
    return (r for r in result or () if self._filter(r, response, spider))
  File "C:\Users\Usuario\Desktop\capacitacion\NFL-project\NFL-scrapy\venv\lib\site-packages\scrapy\core\spidermw.py", line 104, in process_sync
    for r in iterable:
  File "C:\Users\Usuario\Desktop\capacitacion\NFL-project\NFL-scrapy\NFLScrapy\NFLScrapy\spiders\Roster_scrapy.py", line 32, in parses_roster
IndexError: list index out of range
2023-02-08 14:59:08 [scrapy] ERROR: Spider error processing <GET https://www.nfl.com/teams/tennessee-titans/roster> (referer: https://www.nfl.com/teams/)
Traceback (most recent call last):
  File "C:\Users\Usuario\Desktop\capacitacion\NFL-project\NFL-scrapy\venv\lib\site-packages\scrapy\utils\defer.py", line 257, in iter_errback
    yield next(it)
  File "C:\Users\Usuario\Desktop\capacitacion\NFL-project\NFL-scrapy\venv\lib\site-packages\scrapy\utils\python.py", line 312, in __next__
    return next(self.data)
  File "C:\Users\Usuario\Desktop\capacitacion\NFL-project\NFL-scrapy\venv\lib\site-packages\scrapy\utils\python.py", line 312, in __next__
    return next(self.data)
  File "C:\Users\Usuario\Desktop\capacitacion\NFL-project\NFL-scrapy\venv\lib\site-packages\scrapy\core\spidermw.py", line 104, in process_sync
    for r in iterable:
  File "C:\Users\Usuario\Desktop\capacitacion\NFL-project\NFL-scrapy\venv\lib\site-packages\scrapy\spidermiddlewares\offsite.py", line 28, in <genexpr>
    return (r for r in result or () if self._filter(r, spider))
  File "C:\Users\Usuario\Desktop\capacitacion\NFL-project\NFL-scrapy\venv\lib\site-packages\scrapy\core\spidermw.py", line 104, in process_sync
    for r in iterable:
  File "C:\Users\Usuario\Desktop\capacitacion\NFL-project\NFL-scrapy\venv\lib\site-packages\scrapy\spidermiddlewares\referer.py", line 353, in <genexpr>
    return (self._set_referer(r, response) for r in result or ())
  File "C:\Users\Usuario\Desktop\capacitacion\NFL-project\NFL-scrapy\venv\lib\site-packages\scrapy\core\spidermw.py", line 104, in process_sync
    for r in iterable:
  File "C:\Users\Usuario\Desktop\capacitacion\NFL-project\NFL-scrapy\venv\lib\site-packages\scrapy\spidermiddlewares\urllength.py", line 27, in <genexpr>
    return (r for r in result or () if self._filter(r, spider))
  File "C:\Users\Usuario\Desktop\capacitacion\NFL-project\NFL-scrapy\venv\lib\site-packages\scrapy\core\spidermw.py", line 104, in process_sync
    for r in iterable:
  File "C:\Users\Usuario\Desktop\capacitacion\NFL-project\NFL-scrapy\venv\lib\site-packages\scrapy\spidermiddlewares\depth.py", line 31, in <genexpr>
    return (r for r in result or () if self._filter(r, response, spider))
  File "C:\Users\Usuario\Desktop\capacitacion\NFL-project\NFL-scrapy\venv\lib\site-packages\scrapy\core\spidermw.py", line 104, in process_sync
    for r in iterable:
  File "C:\Users\Usuario\Desktop\capacitacion\NFL-project\NFL-scrapy\NFLScrapy\NFLScrapy\spiders\Roster_scrapy.py", line 32, in parses_roster
IndexError: list index out of range
2023-02-08 14:59:08 [scrapy] DEBUG: Crawled (200) <GET https://www.nfl.com/teams/new-york-jets/roster> (referer: https://www.nfl.com/teams/)
2023-02-08 14:59:08 [scrapy] DEBUG: Crawled (200) <GET https://www.nfl.com/teams/miami-dolphins/roster> (referer: https://www.nfl.com/teams/)
2023-02-08 14:59:08 [scrapy] ERROR: Spider error processing <GET https://www.nfl.com/teams/san-francisco-49ers/roster> (referer: https://www.nfl.com/teams/)
Traceback (most recent call last):
  File "C:\Users\Usuario\Desktop\capacitacion\NFL-project\NFL-scrapy\venv\lib\site-packages\scrapy\utils\defer.py", line 257, in iter_errback
    yield next(it)
  File "C:\Users\Usuario\Desktop\capacitacion\NFL-project\NFL-scrapy\venv\lib\site-packages\scrapy\utils\python.py", line 312, in __next__
    return next(self.data)
  File "C:\Users\Usuario\Desktop\capacitacion\NFL-project\NFL-scrapy\venv\lib\site-packages\scrapy\utils\python.py", line 312, in __next__
    return next(self.data)
  File "C:\Users\Usuario\Desktop\capacitacion\NFL-project\NFL-scrapy\venv\lib\site-packages\scrapy\core\spidermw.py", line 104, in process_sync
    for r in iterable:
  File "C:\Users\Usuario\Desktop\capacitacion\NFL-project\NFL-scrapy\venv\lib\site-packages\scrapy\spidermiddlewares\offsite.py", line 28, in <genexpr>
    return (r for r in result or () if self._filter(r, spider))
  File "C:\Users\Usuario\Desktop\capacitacion\NFL-project\NFL-scrapy\venv\lib\site-packages\scrapy\core\spidermw.py", line 104, in process_sync
    for r in iterable:
  File "C:\Users\Usuario\Desktop\capacitacion\NFL-project\NFL-scrapy\venv\lib\site-packages\scrapy\spidermiddlewares\referer.py", line 353, in <genexpr>
    return (self._set_referer(r, response) for r in result or ())
  File "C:\Users\Usuario\Desktop\capacitacion\NFL-project\NFL-scrapy\venv\lib\site-packages\scrapy\core\spidermw.py", line 104, in process_sync
    for r in iterable:
  File "C:\Users\Usuario\Desktop\capacitacion\NFL-project\NFL-scrapy\venv\lib\site-packages\scrapy\spidermiddlewares\urllength.py", line 27, in <genexpr>
    return (r for r in result or () if self._filter(r, spider))
  File "C:\Users\Usuario\Desktop\capacitacion\NFL-project\NFL-scrapy\venv\lib\site-packages\scrapy\core\spidermw.py", line 104, in process_sync
    for r in iterable:
  File "C:\Users\Usuario\Desktop\capacitacion\NFL-project\NFL-scrapy\venv\lib\site-packages\scrapy\spidermiddlewares\depth.py", line 31, in <genexpr>
    return (r for r in result or () if self._filter(r, response, spider))
  File "C:\Users\Usuario\Desktop\capacitacion\NFL-project\NFL-scrapy\venv\lib\site-packages\scrapy\core\spidermw.py", line 104, in process_sync
    for r in iterable:
  File "C:\Users\Usuario\Desktop\capacitacion\NFL-project\NFL-scrapy\NFLScrapy\NFLScrapy\spiders\Roster_scrapy.py", line 32, in parses_roster
IndexError: list index out of range
2023-02-08 14:59:08 [scrapy] ERROR: Spider error processing <GET https://www.nfl.com/teams/new-york-jets/roster> (referer: https://www.nfl.com/teams/)
Traceback (most recent call last):
  File "C:\Users\Usuario\Desktop\capacitacion\NFL-project\NFL-scrapy\venv\lib\site-packages\scrapy\utils\defer.py", line 257, in iter_errback
    yield next(it)
  File "C:\Users\Usuario\Desktop\capacitacion\NFL-project\NFL-scrapy\venv\lib\site-packages\scrapy\utils\python.py", line 312, in __next__
    return next(self.data)
  File "C:\Users\Usuario\Desktop\capacitacion\NFL-project\NFL-scrapy\venv\lib\site-packages\scrapy\utils\python.py", line 312, in __next__
    return next(self.data)
  File "C:\Users\Usuario\Desktop\capacitacion\NFL-project\NFL-scrapy\venv\lib\site-packages\scrapy\core\spidermw.py", line 104, in process_sync
    for r in iterable:
  File "C:\Users\Usuario\Desktop\capacitacion\NFL-project\NFL-scrapy\venv\lib\site-packages\scrapy\spidermiddlewares\offsite.py", line 28, in <genexpr>
    return (r for r in result or () if self._filter(r, spider))
  File "C:\Users\Usuario\Desktop\capacitacion\NFL-project\NFL-scrapy\venv\lib\site-packages\scrapy\core\spidermw.py", line 104, in process_sync
    for r in iterable:
  File "C:\Users\Usuario\Desktop\capacitacion\NFL-project\NFL-scrapy\venv\lib\site-packages\scrapy\spidermiddlewares\referer.py", line 353, in <genexpr>
    return (self._set_referer(r, response) for r in result or ())
  File "C:\Users\Usuario\Desktop\capacitacion\NFL-project\NFL-scrapy\venv\lib\site-packages\scrapy\core\spidermw.py", line 104, in process_sync
    for r in iterable:
  File "C:\Users\Usuario\Desktop\capacitacion\NFL-project\NFL-scrapy\venv\lib\site-packages\scrapy\spidermiddlewares\urllength.py", line 27, in <genexpr>
    return (r for r in result or () if self._filter(r, spider))
  File "C:\Users\Usuario\Desktop\capacitacion\NFL-project\NFL-scrapy\venv\lib\site-packages\scrapy\core\spidermw.py", line 104, in process_sync
    for r in iterable:
  File "C:\Users\Usuario\Desktop\capacitacion\NFL-project\NFL-scrapy\venv\lib\site-packages\scrapy\spidermiddlewares\depth.py", line 31, in <genexpr>
    return (r for r in result or () if self._filter(r, response, spider))
  File "C:\Users\Usuario\Desktop\capacitacion\NFL-project\NFL-scrapy\venv\lib\site-packages\scrapy\core\spidermw.py", line 104, in process_sync
    for r in iterable:
  File "C:\Users\Usuario\Desktop\capacitacion\NFL-project\NFL-scrapy\NFLScrapy\NFLScrapy\spiders\Roster_scrapy.py", line 32, in parses_roster
IndexError: list index out of range
2023-02-08 14:59:08 [scrapy] ERROR: Spider error processing <GET https://www.nfl.com/teams/miami-dolphins/roster> (referer: https://www.nfl.com/teams/)
Traceback (most recent call last):
  File "C:\Users\Usuario\Desktop\capacitacion\NFL-project\NFL-scrapy\venv\lib\site-packages\scrapy\utils\defer.py", line 257, in iter_errback
    yield next(it)
  File "C:\Users\Usuario\Desktop\capacitacion\NFL-project\NFL-scrapy\venv\lib\site-packages\scrapy\utils\python.py", line 312, in __next__
    return next(self.data)
  File "C:\Users\Usuario\Desktop\capacitacion\NFL-project\NFL-scrapy\venv\lib\site-packages\scrapy\utils\python.py", line 312, in __next__
    return next(self.data)
  File "C:\Users\Usuario\Desktop\capacitacion\NFL-project\NFL-scrapy\venv\lib\site-packages\scrapy\core\spidermw.py", line 104, in process_sync
    for r in iterable:
  File "C:\Users\Usuario\Desktop\capacitacion\NFL-project\NFL-scrapy\venv\lib\site-packages\scrapy\spidermiddlewares\offsite.py", line 28, in <genexpr>
    return (r for r in result or () if self._filter(r, spider))
  File "C:\Users\Usuario\Desktop\capacitacion\NFL-project\NFL-scrapy\venv\lib\site-packages\scrapy\core\spidermw.py", line 104, in process_sync
    for r in iterable:
  File "C:\Users\Usuario\Desktop\capacitacion\NFL-project\NFL-scrapy\venv\lib\site-packages\scrapy\spidermiddlewares\referer.py", line 353, in <genexpr>
    return (self._set_referer(r, response) for r in result or ())
  File "C:\Users\Usuario\Desktop\capacitacion\NFL-project\NFL-scrapy\venv\lib\site-packages\scrapy\core\spidermw.py", line 104, in process_sync
    for r in iterable:
  File "C:\Users\Usuario\Desktop\capacitacion\NFL-project\NFL-scrapy\venv\lib\site-packages\scrapy\spidermiddlewares\urllength.py", line 27, in <genexpr>
    return (r for r in result or () if self._filter(r, spider))
  File "C:\Users\Usuario\Desktop\capacitacion\NFL-project\NFL-scrapy\venv\lib\site-packages\scrapy\core\spidermw.py", line 104, in process_sync
    for r in iterable:
  File "C:\Users\Usuario\Desktop\capacitacion\NFL-project\NFL-scrapy\venv\lib\site-packages\scrapy\spidermiddlewares\depth.py", line 31, in <genexpr>
    return (r for r in result or () if self._filter(r, response, spider))
  File "C:\Users\Usuario\Desktop\capacitacion\NFL-project\NFL-scrapy\venv\lib\site-packages\scrapy\core\spidermw.py", line 104, in process_sync
    for r in iterable:
  File "C:\Users\Usuario\Desktop\capacitacion\NFL-project\NFL-scrapy\NFLScrapy\NFLScrapy\spiders\Roster_scrapy.py", line 32, in parses_roster
IndexError: list index out of range
2023-02-08 14:59:08 [scrapy] DEBUG: Crawled (200) <GET https://www.nfl.com/teams/new-england-patriots/roster> (referer: https://www.nfl.com/teams/)
2023-02-08 14:59:08 [scrapy] DEBUG: Crawled (200) <GET https://www.nfl.com/teams/los-angeles-chargers/roster> (referer: https://www.nfl.com/teams/)
2023-02-08 14:59:08 [scrapy] ERROR: Spider error processing <GET https://www.nfl.com/teams/new-england-patriots/roster> (referer: https://www.nfl.com/teams/)
Traceback (most recent call last):
  File "C:\Users\Usuario\Desktop\capacitacion\NFL-project\NFL-scrapy\venv\lib\site-packages\scrapy\utils\defer.py", line 257, in iter_errback
    yield next(it)
  File "C:\Users\Usuario\Desktop\capacitacion\NFL-project\NFL-scrapy\venv\lib\site-packages\scrapy\utils\python.py", line 312, in __next__
    return next(self.data)
  File "C:\Users\Usuario\Desktop\capacitacion\NFL-project\NFL-scrapy\venv\lib\site-packages\scrapy\utils\python.py", line 312, in __next__
    return next(self.data)
  File "C:\Users\Usuario\Desktop\capacitacion\NFL-project\NFL-scrapy\venv\lib\site-packages\scrapy\core\spidermw.py", line 104, in process_sync
    for r in iterable:
  File "C:\Users\Usuario\Desktop\capacitacion\NFL-project\NFL-scrapy\venv\lib\site-packages\scrapy\spidermiddlewares\offsite.py", line 28, in <genexpr>
    return (r for r in result or () if self._filter(r, spider))
  File "C:\Users\Usuario\Desktop\capacitacion\NFL-project\NFL-scrapy\venv\lib\site-packages\scrapy\core\spidermw.py", line 104, in process_sync
    for r in iterable:
  File "C:\Users\Usuario\Desktop\capacitacion\NFL-project\NFL-scrapy\venv\lib\site-packages\scrapy\spidermiddlewares\referer.py", line 353, in <genexpr>
    return (self._set_referer(r, response) for r in result or ())
  File "C:\Users\Usuario\Desktop\capacitacion\NFL-project\NFL-scrapy\venv\lib\site-packages\scrapy\core\spidermw.py", line 104, in process_sync
    for r in iterable:
  File "C:\Users\Usuario\Desktop\capacitacion\NFL-project\NFL-scrapy\venv\lib\site-packages\scrapy\spidermiddlewares\urllength.py", line 27, in <genexpr>
    return (r for r in result or () if self._filter(r, spider))
  File "C:\Users\Usuario\Desktop\capacitacion\NFL-project\NFL-scrapy\venv\lib\site-packages\scrapy\core\spidermw.py", line 104, in process_sync
    for r in iterable:
  File "C:\Users\Usuario\Desktop\capacitacion\NFL-project\NFL-scrapy\venv\lib\site-packages\scrapy\spidermiddlewares\depth.py", line 31, in <genexpr>
    return (r for r in result or () if self._filter(r, response, spider))
  File "C:\Users\Usuario\Desktop\capacitacion\NFL-project\NFL-scrapy\venv\lib\site-packages\scrapy\core\spidermw.py", line 104, in process_sync
    for r in iterable:
  File "C:\Users\Usuario\Desktop\capacitacion\NFL-project\NFL-scrapy\NFLScrapy\NFLScrapy\spiders\Roster_scrapy.py", line 32, in parses_roster
IndexError: list index out of range
2023-02-08 14:59:08 [scrapy] ERROR: Spider error processing <GET https://www.nfl.com/teams/los-angeles-chargers/roster> (referer: https://www.nfl.com/teams/)
Traceback (most recent call last):
  File "C:\Users\Usuario\Desktop\capacitacion\NFL-project\NFL-scrapy\venv\lib\site-packages\scrapy\utils\defer.py", line 257, in iter_errback
    yield next(it)
  File "C:\Users\Usuario\Desktop\capacitacion\NFL-project\NFL-scrapy\venv\lib\site-packages\scrapy\utils\python.py", line 312, in __next__
    return next(self.data)
  File "C:\Users\Usuario\Desktop\capacitacion\NFL-project\NFL-scrapy\venv\lib\site-packages\scrapy\utils\python.py", line 312, in __next__
    return next(self.data)
  File "C:\Users\Usuario\Desktop\capacitacion\NFL-project\NFL-scrapy\venv\lib\site-packages\scrapy\core\spidermw.py", line 104, in process_sync
    for r in iterable:
  File "C:\Users\Usuario\Desktop\capacitacion\NFL-project\NFL-scrapy\venv\lib\site-packages\scrapy\spidermiddlewares\offsite.py", line 28, in <genexpr>
    return (r for r in result or () if self._filter(r, spider))
  File "C:\Users\Usuario\Desktop\capacitacion\NFL-project\NFL-scrapy\venv\lib\site-packages\scrapy\core\spidermw.py", line 104, in process_sync
    for r in iterable:
  File "C:\Users\Usuario\Desktop\capacitacion\NFL-project\NFL-scrapy\venv\lib\site-packages\scrapy\spidermiddlewares\referer.py", line 353, in <genexpr>
    return (self._set_referer(r, response) for r in result or ())
  File "C:\Users\Usuario\Desktop\capacitacion\NFL-project\NFL-scrapy\venv\lib\site-packages\scrapy\core\spidermw.py", line 104, in process_sync
    for r in iterable:
  File "C:\Users\Usuario\Desktop\capacitacion\NFL-project\NFL-scrapy\venv\lib\site-packages\scrapy\spidermiddlewares\urllength.py", line 27, in <genexpr>
    return (r for r in result or () if self._filter(r, spider))
  File "C:\Users\Usuario\Desktop\capacitacion\NFL-project\NFL-scrapy\venv\lib\site-packages\scrapy\core\spidermw.py", line 104, in process_sync
    for r in iterable:
  File "C:\Users\Usuario\Desktop\capacitacion\NFL-project\NFL-scrapy\venv\lib\site-packages\scrapy\spidermiddlewares\depth.py", line 31, in <genexpr>
    return (r for r in result or () if self._filter(r, response, spider))
  File "C:\Users\Usuario\Desktop\capacitacion\NFL-project\NFL-scrapy\venv\lib\site-packages\scrapy\core\spidermw.py", line 104, in process_sync
    for r in iterable:
  File "C:\Users\Usuario\Desktop\capacitacion\NFL-project\NFL-scrapy\NFLScrapy\NFLScrapy\spiders\Roster_scrapy.py", line 32, in parses_roster
IndexError: list index out of range
2023-02-08 14:59:08 [scrapy] DEBUG: Crawled (200) <GET https://www.nfl.com/teams/dallas-cowboys/roster> (referer: https://www.nfl.com/teams/)
2023-02-08 14:59:09 [scrapy] DEBUG: Crawled (200) <GET https://www.nfl.com/teams/los-angeles-rams/roster> (referer: https://www.nfl.com/teams/)
2023-02-08 14:59:09 [scrapy] ERROR: Spider error processing <GET https://www.nfl.com/teams/dallas-cowboys/roster> (referer: https://www.nfl.com/teams/)
Traceback (most recent call last):
  File "C:\Users\Usuario\Desktop\capacitacion\NFL-project\NFL-scrapy\venv\lib\site-packages\scrapy\utils\defer.py", line 257, in iter_errback
    yield next(it)
  File "C:\Users\Usuario\Desktop\capacitacion\NFL-project\NFL-scrapy\venv\lib\site-packages\scrapy\utils\python.py", line 312, in __next__
    return next(self.data)
  File "C:\Users\Usuario\Desktop\capacitacion\NFL-project\NFL-scrapy\venv\lib\site-packages\scrapy\utils\python.py", line 312, in __next__
    return next(self.data)
  File "C:\Users\Usuario\Desktop\capacitacion\NFL-project\NFL-scrapy\venv\lib\site-packages\scrapy\core\spidermw.py", line 104, in process_sync
    for r in iterable:
  File "C:\Users\Usuario\Desktop\capacitacion\NFL-project\NFL-scrapy\venv\lib\site-packages\scrapy\spidermiddlewares\offsite.py", line 28, in <genexpr>
    return (r for r in result or () if self._filter(r, spider))
  File "C:\Users\Usuario\Desktop\capacitacion\NFL-project\NFL-scrapy\venv\lib\site-packages\scrapy\core\spidermw.py", line 104, in process_sync
    for r in iterable:
  File "C:\Users\Usuario\Desktop\capacitacion\NFL-project\NFL-scrapy\venv\lib\site-packages\scrapy\spidermiddlewares\referer.py", line 353, in <genexpr>
    return (self._set_referer(r, response) for r in result or ())
  File "C:\Users\Usuario\Desktop\capacitacion\NFL-project\NFL-scrapy\venv\lib\site-packages\scrapy\core\spidermw.py", line 104, in process_sync
    for r in iterable:
  File "C:\Users\Usuario\Desktop\capacitacion\NFL-project\NFL-scrapy\venv\lib\site-packages\scrapy\spidermiddlewares\urllength.py", line 27, in <genexpr>
    return (r for r in result or () if self._filter(r, spider))
  File "C:\Users\Usuario\Desktop\capacitacion\NFL-project\NFL-scrapy\venv\lib\site-packages\scrapy\core\spidermw.py", line 104, in process_sync
    for r in iterable:
  File "C:\Users\Usuario\Desktop\capacitacion\NFL-project\NFL-scrapy\venv\lib\site-packages\scrapy\spidermiddlewares\depth.py", line 31, in <genexpr>
    return (r for r in result or () if self._filter(r, response, spider))
  File "C:\Users\Usuario\Desktop\capacitacion\NFL-project\NFL-scrapy\venv\lib\site-packages\scrapy\core\spidermw.py", line 104, in process_sync
    for r in iterable:
  File "C:\Users\Usuario\Desktop\capacitacion\NFL-project\NFL-scrapy\NFLScrapy\NFLScrapy\spiders\Roster_scrapy.py", line 32, in parses_roster
IndexError: list index out of range
2023-02-08 14:59:09 [scrapy] ERROR: Spider error processing <GET https://www.nfl.com/teams/los-angeles-rams/roster> (referer: https://www.nfl.com/teams/)
Traceback (most recent call last):
  File "C:\Users\Usuario\Desktop\capacitacion\NFL-project\NFL-scrapy\venv\lib\site-packages\scrapy\utils\defer.py", line 257, in iter_errback
    yield next(it)
  File "C:\Users\Usuario\Desktop\capacitacion\NFL-project\NFL-scrapy\venv\lib\site-packages\scrapy\utils\python.py", line 312, in __next__
    return next(self.data)
  File "C:\Users\Usuario\Desktop\capacitacion\NFL-project\NFL-scrapy\venv\lib\site-packages\scrapy\utils\python.py", line 312, in __next__
    return next(self.data)
  File "C:\Users\Usuario\Desktop\capacitacion\NFL-project\NFL-scrapy\venv\lib\site-packages\scrapy\core\spidermw.py", line 104, in process_sync
    for r in iterable:
  File "C:\Users\Usuario\Desktop\capacitacion\NFL-project\NFL-scrapy\venv\lib\site-packages\scrapy\spidermiddlewares\offsite.py", line 28, in <genexpr>
    return (r for r in result or () if self._filter(r, spider))
  File "C:\Users\Usuario\Desktop\capacitacion\NFL-project\NFL-scrapy\venv\lib\site-packages\scrapy\core\spidermw.py", line 104, in process_sync
    for r in iterable:
  File "C:\Users\Usuario\Desktop\capacitacion\NFL-project\NFL-scrapy\venv\lib\site-packages\scrapy\spidermiddlewares\referer.py", line 353, in <genexpr>
    return (self._set_referer(r, response) for r in result or ())
  File "C:\Users\Usuario\Desktop\capacitacion\NFL-project\NFL-scrapy\venv\lib\site-packages\scrapy\core\spidermw.py", line 104, in process_sync
    for r in iterable:
  File "C:\Users\Usuario\Desktop\capacitacion\NFL-project\NFL-scrapy\venv\lib\site-packages\scrapy\spidermiddlewares\urllength.py", line 27, in <genexpr>
    return (r for r in result or () if self._filter(r, spider))
  File "C:\Users\Usuario\Desktop\capacitacion\NFL-project\NFL-scrapy\venv\lib\site-packages\scrapy\core\spidermw.py", line 104, in process_sync
    for r in iterable:
  File "C:\Users\Usuario\Desktop\capacitacion\NFL-project\NFL-scrapy\venv\lib\site-packages\scrapy\spidermiddlewares\depth.py", line 31, in <genexpr>
    return (r for r in result or () if self._filter(r, response, spider))
  File "C:\Users\Usuario\Desktop\capacitacion\NFL-project\NFL-scrapy\venv\lib\site-packages\scrapy\core\spidermw.py", line 104, in process_sync
    for r in iterable:
  File "C:\Users\Usuario\Desktop\capacitacion\NFL-project\NFL-scrapy\NFLScrapy\NFLScrapy\spiders\Roster_scrapy.py", line 32, in parses_roster
IndexError: list index out of range
2023-02-08 14:59:09 [scrapy] DEBUG: Crawled (200) <GET https://www.nfl.com/teams/green-bay-packers/roster> (referer: https://www.nfl.com/teams/)
2023-02-08 14:59:09 [scrapy] DEBUG: Crawled (200) <GET https://www.nfl.com/teams/kansas-city-chiefs/roster> (referer: https://www.nfl.com/teams/)
